<?xml version="1.0" encoding="UTF-8"?>
<!-- Generated by org.testng.reporters.JUnitReportReporter -->
<testsuite hostname="DESKTOP-64I2TDN" failures="0" tests="6" name="api.tests.DataDrivenTest2" time="14.677" errors="0" timestamp="2024-03-15T12:27:40 IST" skipped="0">
  <testcase classname="api.tests.DataDrivenTest2" name="testPostUser" time="6.143"/>
  <system-out/>
  <testcase classname="api.tests.DataDrivenTest2" name="testPostUser" time="1.750"/>
  <system-out/>
  <testcase classname="api.tests.DataDrivenTest2" name="testPostUser" time="1.704"/>
  <system-out/>
  <testcase classname="api.tests.DataDrivenTest2" name="testDeleteUser" time="1.652"/>
  <system-out/>
  <testcase classname="api.tests.DataDrivenTest2" name="testDeleteUser" time="1.676"/>
  <system-out/>
  <testcase classname="api.tests.DataDrivenTest2" name="testDeleteUser" time="1.752"/>
  <system-out/>
</testsuite> <!-- api.tests.DataDrivenTest2 -->
