<?xml version="1.0" encoding="UTF-8"?>
<!-- Generated by org.testng.reporters.JUnitReportReporter -->
<testsuite hostname="DESKTOP-64I2TDN" failures="0" tests="6" name="api.tests.DataDrivenTest" time="14.710" errors="0" timestamp="2024-03-15T12:01:38 IST" skipped="0">
  <testcase classname="api.tests.DataDrivenTest" name="testPostUser" time="1.767"/>
  <system-out/>
  <testcase classname="api.tests.DataDrivenTest" name="testPostUser" time="6.404"/>
  <system-out/>
  <testcase classname="api.tests.DataDrivenTest" name="testPostUser" time="1.629"/>
  <system-out/>
  <testcase classname="api.tests.DataDrivenTest" name="testDeleteUser" time="1.726"/>
  <system-out/>
  <testcase classname="api.tests.DataDrivenTest" name="testDeleteUser" time="1.613"/>
  <system-out/>
  <testcase classname="api.tests.DataDrivenTest" name="testDeleteUser" time="1.571"/>
  <system-out/>
</testsuite> <!-- api.tests.DataDrivenTest -->
