<?xml version="1.0" encoding="UTF-8"?>
<!-- Generated by org.testng.reporters.JUnitReportReporter -->
<testsuite hostname="DESKTOP-64I2TDN" failures="0" tests="6" name="api.tests.DataDrivenTest" time="15.397" errors="0" timestamp="2024-03-15T15:25:35 IST" skipped="0">
  <testcase classname="api.tests.DataDrivenTest" name="testPostUser" time="6.297"/>
  <system-out/>
  <testcase classname="api.tests.DataDrivenTest" name="testPostUser" time="1.963"/>
  <system-out/>
  <testcase classname="api.tests.DataDrivenTest" name="testPostUser" time="1.878"/>
  <system-out/>
  <testcase classname="api.tests.DataDrivenTest" name="testDeleteUser" time="1.757"/>
  <system-out/>
  <testcase classname="api.tests.DataDrivenTest" name="testDeleteUser" time="1.738"/>
  <system-out/>
  <testcase classname="api.tests.DataDrivenTest" name="testDeleteUser" time="1.764"/>
  <system-out/>
</testsuite> <!-- api.tests.DataDrivenTest -->
