<?xml version="1.0" encoding="UTF-8"?>
<!-- Generated by org.testng.reporters.JUnitReportReporter -->
<testsuite hostname="DESKTOP-64I2TDN" failures="0" tests="6" name="api.tests.DataDrivenTest" time="31.586" errors="0" timestamp="2024-03-15T19:05:49 IST" skipped="0">
  <testcase classname="api.tests.DataDrivenTest" name="testPostUser" time="9.078"/>
  <system-out/>
  <testcase classname="api.tests.DataDrivenTest" name="testPostUser" time="2.079"/>
  <system-out/>
  <testcase classname="api.tests.DataDrivenTest" name="testPostUser" time="3.212"/>
  <system-out/>
  <testcase classname="api.tests.DataDrivenTest" name="testDeleteUser" time="6.451"/>
  <system-out/>
  <testcase classname="api.tests.DataDrivenTest" name="testDeleteUser" time="7.863"/>
  <system-out/>
  <testcase classname="api.tests.DataDrivenTest" name="testDeleteUser" time="2.903"/>
  <system-out/>
</testsuite> <!-- api.tests.DataDrivenTest -->
